<?xml version="1.0" encoding="UTF-8"?>
<testsuite xmlns:xsi="http://www.w3.org/2001/XMLSchema-instance" xsi:schemaLocation="https://maven.apache.org/surefire/maven-surefire-plugin/xsd/surefire-test-report.xsd" name="TestSuite" time="34.054" tests="2" errors="0" skipped="0" failures="0">
  <properties>
[...]
</properties>
  <testcase name="verifyLogInPageTitleTest" classname="com.myTest.LogInTest" time="0.019"/>
  <testcase name="doLogInTest" classname="com.myTest.LogInTest" time="1.653"/>
</testsuite>