<?xml version="1.0" encoding="UTF-8"?>
<testng-results ignored="0" total="2" passed="2" failed="0" skipped="0">
  <reporter-output>
  </reporter-output>
  <suite started-at="2023-03-10T06:50:35Z" name="Suite" finished-at="2023-03-10T06:51:07Z" duration-ms="32569">
    <groups>
    </groups>
    <test started-at="2023-03-10T06:50:35Z" name="Log In Page Test" finished-at="2023-03-10T06:51:07Z" duration-ms="32569">
      <class name="com.myTest.LogInTest">
        <test-method is-config="true" signature="setUpTest(java.lang.String)[pri:0, instance:com.myTest.LogInTest@2f490758]" started-at="2023-03-10T12:20:35Z" name="setUpTest" finished-at="2023-03-10T12:20:51Z" duration-ms="16298" status="PASS">
          <params>
            <param index="0">
              <value>
                <![CDATA[chrome]]>
              </value>
            </param>
          </params>
          <reporter-output>
          </reporter-output>
        </test-method> <!-- setUpTest -->
        <test-method signature="verifyLogInPageTitleTest()[pri:1, instance:com.myTest.LogInTest@2f490758]" started-at="2023-03-10T12:20:51Z" name="verifyLogInPageTitleTest" finished-at="2023-03-10T12:20:51Z" duration-ms="19" status="PASS">
          <reporter-output>
          </reporter-output>
        </test-method> <!-- verifyLogInPageTitleTest -->
        <test-method is-config="true" signature="tearDown()[pri:0, instance:com.myTest.LogInTest@2f490758]" started-at="2023-03-10T12:20:51Z" name="tearDown" finished-at="2023-03-10T12:20:52Z" duration-ms="1374" status="PASS">
          <reporter-output>
          </reporter-output>
        </test-method> <!-- tearDown -->
        <test-method is-config="true" signature="setUpTest(java.lang.String)[pri:0, instance:com.myTest.LogInTest@2f490758]" started-at="2023-03-10T12:20:52Z" name="setUpTest" finished-at="2023-03-10T12:21:04Z" duration-ms="11913" status="PASS">
          <params>
            <param index="0">
              <value>
                <![CDATA[chrome]]>
              </value>
            </param>
          </params>
          <reporter-output>
          </reporter-output>
        </test-method> <!-- setUpTest -->
        <test-method signature="doLogInTest()[pri:3, instance:com.myTest.LogInTest@2f490758]" started-at="2023-03-10T12:21:04Z" name="doLogInTest" finished-at="2023-03-10T12:21:06Z" duration-ms="1651" status="PASS">
          <reporter-output>
          </reporter-output>
        </test-method> <!-- doLogInTest -->
        <test-method is-config="true" signature="tearDown()[pri:0, instance:com.myTest.LogInTest@2f490758]" started-at="2023-03-10T12:21:06Z" name="tearDown" finished-at="2023-03-10T12:21:07Z" duration-ms="1254" status="PASS">
          <reporter-output>
          </reporter-output>
        </test-method> <!-- tearDown -->
      </class> <!-- com.myTest.LogInTest -->
    </test> <!-- Log In Page Test -->
  </suite> <!-- Suite -->
</testng-results>
