<?xml version="1.0" encoding="UTF-8"?>
<testng-results ignored="0" total="2" passed="2" failed="0" skipped="0">
  <reporter-output>
  </reporter-output>
  <suite started-at="2023-03-10T05:50:47Z" name="Suite" finished-at="2023-03-10T05:51:13Z" duration-ms="25068">
    <groups>
    </groups>
    <test started-at="2023-03-10T05:50:47Z" name="Log In Page Test" finished-at="2023-03-10T05:51:13Z" duration-ms="25068">
      <class name="com.myTest.LogInTest">
        <test-method is-config="true" signature="setUpTest(java.lang.String)[pri:0, instance:com.myTest.LogInTest@6ab778a]" started-at="2023-03-10T11:20:48Z" name="setUpTest" finished-at="2023-03-10T11:21:02Z" duration-ms="14737" status="PASS">
          <params>
            <param index="0">
              <value>
                <![CDATA[chrome]]>
              </value>
            </param>
          </params>
          <reporter-output>
          </reporter-output>
        </test-method> <!-- setUpTest -->
        <test-method signature="verifyLogInPageTitleTest()[pri:1, instance:com.myTest.LogInTest@6ab778a]" started-at="2023-03-10T11:21:02Z" name="verifyLogInPageTitleTest" finished-at="2023-03-10T11:21:02Z" duration-ms="23" status="PASS">
          <reporter-output>
          </reporter-output>
        </test-method> <!-- verifyLogInPageTitleTest -->
        <test-method is-config="true" signature="tearDown()[pri:0, instance:com.myTest.LogInTest@6ab778a]" started-at="2023-03-10T11:21:02Z" name="tearDown" finished-at="2023-03-10T11:21:03Z" duration-ms="444" status="PASS">
          <reporter-output>
          </reporter-output>
        </test-method> <!-- tearDown -->
        <test-method is-config="true" signature="setUpTest(java.lang.String)[pri:0, instance:com.myTest.LogInTest@6ab778a]" started-at="2023-03-10T11:21:03Z" name="setUpTest" finished-at="2023-03-10T11:21:10Z" duration-ms="7420" status="PASS">
          <params>
            <param index="0">
              <value>
                <![CDATA[chrome]]>
              </value>
            </param>
          </params>
          <reporter-output>
          </reporter-output>
        </test-method> <!-- setUpTest -->
        <test-method signature="doLogInTest()[pri:3, instance:com.myTest.LogInTest@6ab778a]" started-at="2023-03-10T11:21:10Z" name="doLogInTest" finished-at="2023-03-10T11:21:11Z" duration-ms="1192" status="PASS">
          <reporter-output>
          </reporter-output>
        </test-method> <!-- doLogInTest -->
        <test-method is-config="true" signature="tearDown()[pri:0, instance:com.myTest.LogInTest@6ab778a]" started-at="2023-03-10T11:21:11Z" name="tearDown" finished-at="2023-03-10T11:21:13Z" duration-ms="1216" status="PASS">
          <reporter-output>
          </reporter-output>
        </test-method> <!-- tearDown -->
      </class> <!-- com.myTest.LogInTest -->
    </test> <!-- Log In Page Test -->
  </suite> <!-- Suite -->
</testng-results>
